Sun Nov 02 2014 21:58:43 GMT-0800 (PST):
{ [Error: The storage account 'blrhadoop' was not found.]
  stack: [Getter/Setter],
  code: 'ResourceNotFound',
  statusCode: 404,
  requestId: '9e248e5db58f29e0a34bedcd4e101ffb',
  __frame: 
   { name: 'storageAccount_deleteCommand__5',
     line: 175,
     file: '/usr/lib/node_modules/azure-cli/lib/commands/asm/storage.account._js',
     prev: undefined,
     active: false,
     offset: 9,
     col: 8 },
  rawStack: [Getter] }
Error: The storage account 'blrhadoop' was not found.
    at Function.ServiceClient._normalizeError (/usr/lib/node_modules/azure-cli/node_modules/azure-common/lib/services/serviceclient.js:809:23)
    at /usr/lib/node_modules/azure-cli/node_modules/azure-common/lib/services/filters/errorhandlingfilter.js:44:29
    at Request._callback (/usr/lib/node_modules/azure-cli/node_modules/azure-common/lib/http/request-pipeline.js:109:14)
    at Request.self.callback (/usr/lib/node_modules/azure-cli/node_modules/request/request.js:129:22)
    at Request.emit (events.js:98:17)
    at Request.<anonymous> (/usr/lib/node_modules/azure-cli/node_modules/request/request.js:873:14)
    at Request.emit (events.js:117:20)
    at IncomingMessage.<anonymous> (/usr/lib/node_modules/azure-cli/node_modules/request/request.js:824:12)
    at IncomingMessage.emit (events.js:117:20)
    at _stream_readable.js:943:16
    at storageAccount_deleteCommand__5 (/usr/lib/node_modules/azure-cli/lib/commands/asm/storage.account._js:184:8)

